2014-11-17 DEBUG [JavaFX Application Thread] (LocationListController.java:171) - Function exit MouseClicked
2014-11-17 DEBUG [JavaFX Application Thread] (LocationListController.java:147) - Function entry MouseClicked
2014-11-17 DEBUG [JavaFX Application Thread] (LocationListController.java:171) - Function exit MouseClicked
2014-11-17 DEBUG [JavaFX Application Thread] (LocationListController.java:147) - Function entry MouseClicked
2014-11-17 DEBUG [JavaFX Application Thread] (Locationbean.java:57) - Function entry countrybean
2014-11-17 DEBUG [JavaFX Application Thread] (Locationbean.java:83) - Function entry billbean
2014-11-17 DEBUG [JavaFX Application Thread] (addressbean.java:63) - Function entry constructor
2014-11-17 DEBUG [JavaFX Application Thread] (addressbean.java:88) - Function exit constructor
2014-11-17 DEBUG [JavaFX Application Thread] (addressbean.java:90) - Function Exit newrecordcreated:false
2014-11-17 DEBUG [JavaFX Application Thread] (Locationbean.java:191) - Function entry getDataRecord
2014-11-17 DEBUG [JavaFX Application Thread] (Locationbean.java:207) - Function exit getDataRecord 1
2014-11-17 DEBUG [JavaFX Application Thread] (addressbean.java:266) - Function entry getDataRecord
2014-11-17 DEBUG [JavaFX Application Thread] (addressbean.java:280) - Function exit getDataRecord
2014-11-17 DEBUG [JavaFX Application Thread] (ListDialogAddressController.java:245) - Function entry initialize
2014-11-17 DEBUG [JavaFX Application Thread] (ListDialogAddressController.java:90) - Function entry initTable
2014-11-17 DEBUG [JavaFX Application Thread] (addressbean.java:63) - Function entry constructor
2014-11-17 DEBUG [JavaFX Application Thread] (addressbean.java:88) - Function exit constructor
2014-11-17 DEBUG [JavaFX Application Thread] (addressbean.java:90) - Function Exit newrecordcreated:false
2014-11-17 DEBUG [JavaFX Application Thread] (addressbean.java:101) - Function entry SearchForAddress
2014-11-17 DEBUG [JavaFX Application Thread] (ListDialogAddressController.java:191) - Function exit initTable
2014-11-17 DEBUG [JavaFX Application Thread] (ListDialogAddressController.java:248) - Function exit initialize
2014-11-17 DEBUG [JavaFX Application Thread] (ListDialogAddressController.java:212) - Function entry init -address
2014-11-17 DEBUG [JavaFX Application Thread] (ListDialogAddressController.java:90) - Function entry initTable
2014-11-17 DEBUG [JavaFX Application Thread] (addressbean.java:63) - Function entry constructor
2014-11-17 DEBUG [JavaFX Application Thread] (addressbean.java:88) - Function exit constructor
2014-11-17 DEBUG [JavaFX Application Thread] (addressbean.java:90) - Function Exit newrecordcreated:false
2014-11-17 DEBUG [JavaFX Application Thread] (addressbean.java:101) - Function entry SearchForAddress
2014-11-17 DEBUG [JavaFX Application Thread] (ListDialogAddressController.java:191) - Function exit initTable
2014-11-17 DEBUG [JavaFX Application Thread] (ListDialogAddressController.java:219) - Function exit init -adddress
2014-11-17 DEBUG [JavaFX Application Thread] (ListDialogAddressController.java:294) - Function entry MouseClicked
2014-11-17 DEBUG [JavaFX Application Thread] (ListDialogAddressController.java:326) - Function exit MouseClicked
2014-11-17 DEBUG [JavaFX Application Thread] (ListDialogAddressController.java:294) - Function entry MouseClicked
2014-11-17 DEBUG [JavaFX Application Thread] (ListDialogAddressController.java:326) - Function exit MouseClicked
2014-11-17 DEBUG [JavaFX Application Thread] (LocationListController.java:171) - Function exit MouseClicked
2014-11-17 DEBUG [JavaFX Application Thread] (LocationListController.java:75) - Function entry initTable
2014-11-17 DEBUG [JavaFX Application Thread] (addressbean.java:63) - Function entry constructor
2014-11-17 DEBUG [JavaFX Application Thread] (addressbean.java:88) - Function exit constructor
2014-11-17 DEBUG [JavaFX Application Thread] (addressbean.java:90) - Function Exit newrecordcreated:false
2014-11-17 DEBUG [JavaFX Application Thread] (Locationbean.java:57) - Function entry countrybean
2014-11-17 DEBUG [JavaFX Application Thread] (Locationbean.java:83) - Function entry billbean
2014-11-17 DEBUG [JavaFX Application Thread] (Locationbean.java:89) - Function entry SearchForLocation
2014-11-17 DEBUG [JavaFX Application Thread] (Locationbean.java:93) - Function exit SearchForLocation 
2014-11-17 DEBUG [JavaFX Application Thread] (LocationListController.java:141) - Function exit initTable
2014-11-17 DEBUG [JavaFX Application Thread] (addressbean.java:266) - Function entry getDataRecord
2014-11-17 DEBUG [JavaFX Application Thread] (addressbean.java:280) - Function exit getDataRecord
2014-11-17 DEBUG [JavaFX Application Thread] (addressbean.java:266) - Function entry getDataRecord
2014-11-17 DEBUG [JavaFX Application Thread] (addressbean.java:280) - Function exit getDataRecord
2014-11-17 DEBUG [JavaFX Application Thread] (addressbean.java:266) - Function entry getDataRecord
2014-11-17 DEBUG [JavaFX Application Thread] (addressbean.java:280) - Function exit getDataRecord
2014-11-17 DEBUG [JavaFX Application Thread] (addressbean.java:266) - Function entry getDataRecord
2014-11-17 DEBUG [JavaFX Application Thread] (addressbean.java:280) - Function exit getDataRecord
2014-11-17 DEBUG [JavaFX Application Thread] (addressbean.java:266) - Function entry getDataRecord
2014-11-17 DEBUG [JavaFX Application Thread] (addressbean.java:280) - Function exit getDataRecord
2014-11-17 DEBUG [JavaFX Application Thread] (LocationListController.java:147) - Function entry MouseClicked
2014-11-17 DEBUG [JavaFX Application Thread] (LocationListController.java:171) - Function exit MouseClicked
2014-11-17 DEBUG [JavaFX Application Thread] (LocationListController.java:147) - Function entry MouseClicked
2014-11-17 DEBUG [JavaFX Application Thread] (Locationbean.java:57) - Function entry countrybean
2014-11-17 DEBUG [JavaFX Application Thread] (Locationbean.java:83) - Function entry billbean
2014-11-17 DEBUG [JavaFX Application Thread] (addressbean.java:63) - Function entry constructor
2014-11-17 DEBUG [JavaFX Application Thread] (addressbean.java:88) - Function exit constructor
2014-11-17 DEBUG [JavaFX Application Thread] (addressbean.java:90) - Function Exit newrecordcreated:false
2014-11-17 DEBUG [JavaFX Application Thread] (Locationbean.java:191) - Function entry getDataRecord
2014-11-17 DEBUG [JavaFX Application Thread] (Locationbean.java:207) - Function exit getDataRecord 1
2014-11-17 DEBUG [JavaFX Application Thread] (addressbean.java:266) - Function entry getDataRecord
2014-11-17 DEBUG [JavaFX Application Thread] (addressbean.java:280) - Function exit getDataRecord
2014-11-17 DEBUG [JavaFX Application Thread] (ListDialogAddressController.java:245) - Function entry initialize
2014-11-17 DEBUG [JavaFX Application Thread] (ListDialogAddressController.java:90) - Function entry initTable
2014-11-17 DEBUG [JavaFX Application Thread] (addressbean.java:63) - Function entry constructor
2014-11-17 DEBUG [JavaFX Application Thread] (addressbean.java:88) - Function exit constructor
2014-11-17 DEBUG [JavaFX Application Thread] (addressbean.java:90) - Function Exit newrecordcreated:false
2014-11-17 DEBUG [JavaFX Application Thread] (addressbean.java:101) - Function entry SearchForAddress
2014-11-17 DEBUG [JavaFX Application Thread] (ListDialogAddressController.java:191) - Function exit initTable
2014-11-17 DEBUG [JavaFX Application Thread] (ListDialogAddressController.java:248) - Function exit initialize
2014-11-17 DEBUG [JavaFX Application Thread] (ListDialogAddressController.java:212) - Function entry init -address
2014-11-17 DEBUG [JavaFX Application Thread] (ListDialogAddressController.java:90) - Function entry initTable
2014-11-17 DEBUG [JavaFX Application Thread] (addressbean.java:63) - Function entry constructor
2014-11-17 DEBUG [JavaFX Application Thread] (addressbean.java:88) - Function exit constructor
2014-11-17 DEBUG [JavaFX Application Thread] (addressbean.java:90) - Function Exit newrecordcreated:false
2014-11-17 DEBUG [JavaFX Application Thread] (addressbean.java:101) - Function entry SearchForAddress
2014-11-17 DEBUG [JavaFX Application Thread] (ListDialogAddressController.java:191) - Function exit initTable
2014-11-17 DEBUG [JavaFX Application Thread] (ListDialogAddressController.java:219) - Function exit init -adddress
2014-11-17 DEBUG [JavaFX Application Thread] (ListDialogAddressController.java:294) - Function entry MouseClicked
2014-11-17 DEBUG [JavaFX Application Thread] (ListDialogAddressController.java:326) - Function exit MouseClicked
2014-11-17 DEBUG [JavaFX Application Thread] (ListDialogAddressController.java:294) - Function entry MouseClicked
2014-11-17 DEBUG [JavaFX Application Thread] (ListDialogAddressController.java:326) - Function exit MouseClicked
2014-11-18 DEBUG [JavaFX Application Thread] (LocationListController.java:75) - Function entry initTable
2014-11-18 DEBUG [JavaFX Application Thread] (addressbean.java:63) - Function entry constructor
2014-11-18 DEBUG [JavaFX Application Thread] (addressbean.java:88) - Function exit constructor
2014-11-18 DEBUG [JavaFX Application Thread] (addressbean.java:90) - Function Exit newrecordcreated:false
2014-11-18 DEBUG [JavaFX Application Thread] (Locationbean.java:57) - Function entry countrybean
2014-11-18 DEBUG [JavaFX Application Thread] (Locationbean.java:83) - Function entry billbean
2014-11-18 DEBUG [JavaFX Application Thread] (Locationbean.java:89) - Function entry SearchForLocation
2014-11-18 DEBUG [JavaFX Application Thread] (Locationbean.java:93) - Function exit SearchForLocation 
2014-11-18 DEBUG [JavaFX Application Thread] (LocationListController.java:141) - Function exit initTable
2014-11-18 DEBUG [JavaFX Application Thread] (addressbean.java:266) - Function entry getDataRecord
2014-11-18 DEBUG [JavaFX Application Thread] (addressbean.java:280) - Function exit getDataRecord
2014-11-18 DEBUG [JavaFX Application Thread] (addressbean.java:266) - Function entry getDataRecord
2014-11-18 DEBUG [JavaFX Application Thread] (addressbean.java:280) - Function exit getDataRecord
2014-11-18 DEBUG [JavaFX Application Thread] (addressbean.java:266) - Function entry getDataRecord
2014-11-18 DEBUG [JavaFX Application Thread] (addressbean.java:280) - Function exit getDataRecord
2014-11-18 DEBUG [JavaFX Application Thread] (addressbean.java:266) - Function entry getDataRecord
2014-11-18 DEBUG [JavaFX Application Thread] (addressbean.java:280) - Function exit getDataRecord
2014-11-18 DEBUG [JavaFX Application Thread] (addressbean.java:266) - Function entry getDataRecord
2014-11-18 DEBUG [JavaFX Application Thread] (addressbean.java:280) - Function exit getDataRecord
2014-11-18 DEBUG [JavaFX Application Thread] (LocationListController.java:147) - Function entry MouseClicked
2014-11-18 DEBUG [JavaFX Application Thread] (LocationListController.java:171) - Function exit MouseClicked
2014-11-18 DEBUG [JavaFX Application Thread] (LocationListController.java:147) - Function entry MouseClicked
2014-11-18 DEBUG [JavaFX Application Thread] (Locationbean.java:57) - Function entry countrybean
2014-11-18 DEBUG [JavaFX Application Thread] (Locationbean.java:83) - Function entry billbean
2014-11-18 DEBUG [JavaFX Application Thread] (addressbean.java:63) - Function entry constructor
2014-11-18 DEBUG [JavaFX Application Thread] (addressbean.java:88) - Function exit constructor
2014-11-18 DEBUG [JavaFX Application Thread] (addressbean.java:90) - Function Exit newrecordcreated:false
2014-11-18 DEBUG [JavaFX Application Thread] (Locationbean.java:191) - Function entry getDataRecord
2014-11-18 DEBUG [JavaFX Application Thread] (Locationbean.java:207) - Function exit getDataRecord 1
2014-11-18 DEBUG [JavaFX Application Thread] (addressbean.java:266) - Function entry getDataRecord
2014-11-18 DEBUG [JavaFX Application Thread] (addressbean.java:280) - Function exit getDataRecord
2014-11-18 DEBUG [JavaFX Application Thread] (ListDialogAddressController.java:245) - Function entry initialize
2014-11-18 DEBUG [JavaFX Application Thread] (ListDialogAddressController.java:90) - Function entry initTable
2014-11-18 DEBUG [JavaFX Application Thread] (addressbean.java:63) - Function entry constructor
2014-11-18 DEBUG [JavaFX Application Thread] (addressbean.java:88) - Function exit constructor
2014-11-18 DEBUG [JavaFX Application Thread] (addressbean.java:90) - Function Exit newrecordcreated:false
2014-11-18 DEBUG [JavaFX Application Thread] (addressbean.java:101) - Function entry SearchForAddress
2014-11-18 DEBUG [JavaFX Application Thread] (ListDialogAddressController.java:191) - Function exit initTable
2014-11-18 DEBUG [JavaFX Application Thread] (ListDialogAddressController.java:248) - Function exit initialize
2014-11-18 DEBUG [JavaFX Application Thread] (ListDialogAddressController.java:212) - Function entry init -address
2014-11-18 DEBUG [JavaFX Application Thread] (ListDialogAddressController.java:90) - Function entry initTable
2014-11-18 DEBUG [JavaFX Application Thread] (addressbean.java:63) - Function entry constructor
2014-11-18 DEBUG [JavaFX Application Thread] (addressbean.java:88) - Function exit constructor
2014-11-18 DEBUG [JavaFX Application Thread] (addressbean.java:90) - Function Exit newrecordcreated:false
2014-11-18 DEBUG [JavaFX Application Thread] (addressbean.java:101) - Function entry SearchForAddress
2014-11-18 DEBUG [JavaFX Application Thread] (ListDialogAddressController.java:191) - Function exit initTable
2014-11-18 DEBUG [JavaFX Application Thread] (ListDialogAddressController.java:219) - Function exit init -adddress
2014-11-18 DEBUG [JavaFX Application Thread] (ListDialogAddressController.java:294) - Function entry MouseClicked
2014-11-18 DEBUG [JavaFX Application Thread] (ListDialogAddressController.java:326) - Function exit MouseClicked
2014-11-18 DEBUG [JavaFX Application Thread] (ListDialogAddressController.java:294) - Function entry MouseClicked
2014-11-18 DEBUG [JavaFX Application Thread] (ListDialogAddressController.java:326) - Function exit MouseClicked
2014-11-18 DEBUG [JavaFX Application Thread] (ListDialogAddressController.java:294) - Function entry MouseClicked
2014-11-18 DEBUG [JavaFX Application Thread] (AdressGuiFx.java:133) - Function entry initialize
2014-11-18 DEBUG [JavaFX Application Thread] (addressbean.java:63) - Function entry constructor
2014-11-18 DEBUG [JavaFX Application Thread] (addressbean.java:88) - Function exit constructor
2014-11-18 DEBUG [JavaFX Application Thread] (addressbean.java:90) - Function Exit newrecordcreated:false
2014-11-18 DEBUG [JavaFX Application Thread] (countrybean.java:59) - Function entry countrybean
2014-11-18 DEBUG [JavaFX Application Thread] (countrybean.java:85) - Function entry billbean
2014-11-18 DEBUG [JavaFX Application Thread] (languagebean.java:50) - Function entry billbean
2014-11-18 DEBUG [JavaFX Application Thread] (languagebean.java:76) - Function entry billbean
2014-11-18 DEBUG [JavaFX Application Thread] (currencybean.java:49) - Function entry billbean
2014-11-18 DEBUG [JavaFX Application Thread] (currencybean.java:75) - Function entry billbean
2014-11-18 DEBUG [JavaFX Application Thread] (Choicebean.java:59) - Function entry countrybean
2014-11-18 DEBUG [JavaFX Application Thread] (Choicebean.java:85) - Function entry billbean
2014-11-18 DEBUG [JavaFX Application Thread] (countrybean.java:103) - Function entry SearchForCountryname
2014-11-18 DEBUG [JavaFX Application Thread] (countrybean.java:118) - Function exit SearchForCountry 
2014-11-18 DEBUG [JavaFX Application Thread] (languagebean.java:122) - Function entry SearchForCountryname
2014-11-18 DEBUG [JavaFX Application Thread] (currencybean.java:120) - Function entry SearchForCountryname
2014-11-18 DEBUG [JavaFX Application Thread] (Choicebean.java:100) - Function entry SearchForChoice
2014-11-18 DEBUG [JavaFX Application Thread] (Choicebean.java:104) - Function exit SearchForChoice 
2014-11-18 DEBUG [JavaFX Application Thread] (Choicebean.java:100) - Function entry SearchForChoice
2014-11-18 DEBUG [JavaFX Application Thread] (Choicebean.java:104) - Function exit SearchForChoice 
2014-11-18 DEBUG [JavaFX Application Thread] (Choicebean.java:100) - Function entry SearchForChoice
2014-11-18 DEBUG [JavaFX Application Thread] (Choicebean.java:104) - Function exit SearchForChoice 
2014-11-18 DEBUG [JavaFX Application Thread] (Choicebean.java:100) - Function entry SearchForChoice
2014-11-18 DEBUG [JavaFX Application Thread] (Choicebean.java:104) - Function exit SearchForChoice 
2014-11-18 DEBUG [JavaFX Application Thread] (AdressGuiFx.java:167) - Function exit initialize
2014-11-18 DEBUG [JavaFX Application Thread] (AdressGuiFx.java:172) - Function entry init  
2014-11-18 DEBUG [JavaFX Application Thread] (addressbean.java:63) - Function entry constructor
2014-11-18 DEBUG [JavaFX Application Thread] (addressbean.java:88) - Function exit constructor
2014-11-18 DEBUG [JavaFX Application Thread] (addressbean.java:90) - Function Exit newrecordcreated:false
2014-11-18 DEBUG [JavaFX Application Thread] (addressbean.java:240) - Function entry setDataRecordId
2014-11-18 DEBUG [JavaFX Application Thread] (addressbean.java:256) - Function exit setDataRecordId
2014-11-18 DEBUG [JavaFX Application Thread] (AdressGuiFx.java:263) - Function entry FillWithSelectedData
2014-11-18 DEBUG [JavaFX Application Thread] (AdressGuiFx.java:290) - Function exit FillWithSelectedData
2014-11-18 DEBUG [JavaFX Application Thread] (AdressGuiFx.java:179) - Function exit init
2014-11-18 DEBUG [JavaFX Application Thread] (ListDialogAddressController.java:326) - Function exit MouseClicked
2014-11-18 DEBUG [JavaFX Application Thread] (ListDialogAddressController.java:294) - Function entry MouseClicked
2014-11-18 DEBUG [JavaFX Application Thread] (ListDialogAddressController.java:326) - Function exit MouseClicked
2014-11-18 DEBUG [JavaFX Application Thread] (LocationListController.java:171) - Function exit MouseClicked
2014-11-18 DEBUG [JavaFX Application Thread] (LocationListController.java:75) - Function entry initTable
2014-11-18 DEBUG [JavaFX Application Thread] (addressbean.java:63) - Function entry constructor
2014-11-18 DEBUG [JavaFX Application Thread] (addressbean.java:88) - Function exit constructor
2014-11-18 DEBUG [JavaFX Application Thread] (addressbean.java:90) - Function Exit newrecordcreated:false
2014-11-18 DEBUG [JavaFX Application Thread] (Locationbean.java:57) - Function entry countrybean
2014-11-18 DEBUG [JavaFX Application Thread] (Locationbean.java:83) - Function entry billbean
2014-11-18 DEBUG [JavaFX Application Thread] (Locationbean.java:89) - Function entry SearchForLocation
2014-11-18 DEBUG [JavaFX Application Thread] (Locationbean.java:93) - Function exit SearchForLocation 
2014-11-18 DEBUG [JavaFX Application Thread] (LocationListController.java:141) - Function exit initTable
2014-11-18 DEBUG [JavaFX Application Thread] (addressbean.java:266) - Function entry getDataRecord
2014-11-18 DEBUG [JavaFX Application Thread] (addressbean.java:280) - Function exit getDataRecord
2014-11-18 DEBUG [JavaFX Application Thread] (addressbean.java:266) - Function entry getDataRecord
2014-11-18 DEBUG [JavaFX Application Thread] (addressbean.java:280) - Function exit getDataRecord
2014-11-18 DEBUG [JavaFX Application Thread] (addressbean.java:266) - Function entry getDataRecord
2014-11-18 DEBUG [JavaFX Application Thread] (addressbean.java:280) - Function exit getDataRecord
2014-11-18 DEBUG [JavaFX Application Thread] (addressbean.java:266) - Function entry getDataRecord
2014-11-18 DEBUG [JavaFX Application Thread] (addressbean.java:280) - Function exit getDataRecord
2014-11-18 DEBUG [JavaFX Application Thread] (addressbean.java:266) - Function entry getDataRecord
2014-11-18 DEBUG [JavaFX Application Thread] (addressbean.java:280) - Function exit getDataRecord
2014-11-18 DEBUG [JavaFX Application Thread] (LocationListController.java:147) - Function entry MouseClicked
2014-11-18 DEBUG [JavaFX Application Thread] (LocationListController.java:171) - Function exit MouseClicked
2014-11-18 DEBUG [JavaFX Application Thread] (LocationListController.java:147) - Function entry MouseClicked
2014-11-18 DEBUG [JavaFX Application Thread] (Locationbean.java:57) - Function entry countrybean
2014-11-18 DEBUG [JavaFX Application Thread] (Locationbean.java:83) - Function entry billbean
2014-11-18 DEBUG [JavaFX Application Thread] (addressbean.java:63) - Function entry constructor
2014-11-18 DEBUG [JavaFX Application Thread] (addressbean.java:88) - Function exit constructor
2014-11-18 DEBUG [JavaFX Application Thread] (addressbean.java:90) - Function Exit newrecordcreated:false
2014-11-18 DEBUG [JavaFX Application Thread] (Locationbean.java:191) - Function entry getDataRecord
2014-11-18 DEBUG [JavaFX Application Thread] (Locationbean.java:207) - Function exit getDataRecord 1
2014-11-18 DEBUG [JavaFX Application Thread] (addressbean.java:266) - Function entry getDataRecord
2014-11-18 DEBUG [JavaFX Application Thread] (addressbean.java:280) - Function exit getDataRecord
2014-11-18 DEBUG [JavaFX Application Thread] (ListDialogAddressController.java:245) - Function entry initialize
2014-11-18 DEBUG [JavaFX Application Thread] (ListDialogAddressController.java:90) - Function entry initTable
2014-11-18 DEBUG [JavaFX Application Thread] (addressbean.java:63) - Function entry constructor
2014-11-18 DEBUG [JavaFX Application Thread] (addressbean.java:88) - Function exit constructor
2014-11-18 DEBUG [JavaFX Application Thread] (addressbean.java:90) - Function Exit newrecordcreated:false
2014-11-18 DEBUG [JavaFX Application Thread] (addressbean.java:101) - Function entry SearchForAddress
2014-11-18 DEBUG [JavaFX Application Thread] (ListDialogAddressController.java:191) - Function exit initTable
2014-11-18 DEBUG [JavaFX Application Thread] (ListDialogAddressController.java:248) - Function exit initialize
2014-11-18 DEBUG [JavaFX Application Thread] (LocationListController.java:75) - Function entry initTable
2014-11-18 DEBUG [JavaFX Application Thread] (addressbean.java:63) - Function entry constructor
2014-11-18 DEBUG [JavaFX Application Thread] (addressbean.java:88) - Function exit constructor
2014-11-18 DEBUG [JavaFX Application Thread] (addressbean.java:90) - Function Exit newrecordcreated:false
2014-11-18 DEBUG [JavaFX Application Thread] (Locationbean.java:57) - Function entry countrybean
2014-11-18 DEBUG [JavaFX Application Thread] (Locationbean.java:83) - Function entry billbean
2014-11-18 DEBUG [JavaFX Application Thread] (Locationbean.java:89) - Function entry SearchForLocation
2014-11-18 DEBUG [JavaFX Application Thread] (Locationbean.java:93) - Function exit SearchForLocation 
2014-11-18 DEBUG [JavaFX Application Thread] (LocationListController.java:141) - Function exit initTable
2014-11-18 DEBUG [JavaFX Application Thread] (addressbean.java:266) - Function entry getDataRecord
2014-11-18 DEBUG [JavaFX Application Thread] (addressbean.java:280) - Function exit getDataRecord
2014-11-18 DEBUG [JavaFX Application Thread] (addressbean.java:266) - Function entry getDataRecord
2014-11-18 DEBUG [JavaFX Application Thread] (addressbean.java:280) - Function exit getDataRecord
2014-11-18 DEBUG [JavaFX Application Thread] (addressbean.java:266) - Function entry getDataRecord
2014-11-18 DEBUG [JavaFX Application Thread] (addressbean.java:280) - Function exit getDataRecord
2014-11-18 DEBUG [JavaFX Application Thread] (addressbean.java:266) - Function entry getDataRecord
2014-11-18 DEBUG [JavaFX Application Thread] (addressbean.java:280) - Function exit getDataRecord
2014-11-18 DEBUG [JavaFX Application Thread] (addressbean.java:266) - Function entry getDataRecord
2014-11-18 DEBUG [JavaFX Application Thread] (addressbean.java:280) - Function exit getDataRecord
2014-11-18 DEBUG [JavaFX Application Thread] (LocationListController.java:147) - Function entry MouseClicked
2014-11-18 DEBUG [JavaFX Application Thread] (LocationListController.java:171) - Function exit MouseClicked
2014-11-18 DEBUG [JavaFX Application Thread] (LocationListController.java:147) - Function entry MouseClicked
2014-11-18 DEBUG [JavaFX Application Thread] (LocationListController.java:171) - Function exit MouseClicked
2014-11-18 DEBUG [JavaFX Application Thread] (LocationListController.java:147) - Function entry MouseClicked
2014-11-18 DEBUG [JavaFX Application Thread] (Locationbean.java:57) - Function entry countrybean
2014-11-18 DEBUG [JavaFX Application Thread] (Locationbean.java:83) - Function entry billbean
2014-11-18 DEBUG [JavaFX Application Thread] (addressbean.java:63) - Function entry constructor
2014-11-18 DEBUG [JavaFX Application Thread] (addressbean.java:88) - Function exit constructor
2014-11-18 DEBUG [JavaFX Application Thread] (addressbean.java:90) - Function Exit newrecordcreated:false
2014-11-18 DEBUG [JavaFX Application Thread] (Locationbean.java:191) - Function entry getDataRecord
2014-11-18 DEBUG [JavaFX Application Thread] (Locationbean.java:207) - Function exit getDataRecord 1
2014-11-18 DEBUG [JavaFX Application Thread] (addressbean.java:266) - Function entry getDataRecord
2014-11-18 DEBUG [JavaFX Application Thread] (addressbean.java:280) - Function exit getDataRecord
2014-11-18 DEBUG [JavaFX Application Thread] (ListDialogAddressController.java:245) - Function entry initialize
2014-11-18 DEBUG [JavaFX Application Thread] (ListDialogAddressController.java:90) - Function entry initTable
2014-11-18 DEBUG [JavaFX Application Thread] (addressbean.java:63) - Function entry constructor
2014-11-18 DEBUG [JavaFX Application Thread] (addressbean.java:88) - Function exit constructor
2014-11-18 DEBUG [JavaFX Application Thread] (addressbean.java:90) - Function Exit newrecordcreated:false
2014-11-18 DEBUG [JavaFX Application Thread] (addressbean.java:101) - Function entry SearchForAddress
2014-11-18 DEBUG [JavaFX Application Thread] (ListDialogAddressController.java:191) - Function exit initTable
2014-11-18 DEBUG [JavaFX Application Thread] (ListDialogAddressController.java:248) - Function exit initialize
2014-11-18 DEBUG [JavaFX Application Thread] (ListDialogAddressController.java:212) - Function entry init -address
2014-11-18 DEBUG [JavaFX Application Thread] (ListDialogAddressController.java:90) - Function entry initTable
2014-11-18 DEBUG [JavaFX Application Thread] (addressbean.java:63) - Function entry constructor
2014-11-18 DEBUG [JavaFX Application Thread] (addressbean.java:88) - Function exit constructor
2014-11-18 DEBUG [JavaFX Application Thread] (addressbean.java:90) - Function Exit newrecordcreated:false
2014-11-18 DEBUG [JavaFX Application Thread] (addressbean.java:101) - Function entry SearchForAddress
2014-11-18 DEBUG [JavaFX Application Thread] (ListDialogAddressController.java:191) - Function exit initTable
2014-11-18 DEBUG [JavaFX Application Thread] (ListDialogAddressController.java:219) - Function exit init -adddress
2014-11-18 DEBUG [JavaFX Application Thread] (ListDialogAddressController.java:294) - Function entry MouseClicked
2014-11-18 DEBUG [JavaFX Application Thread] (locationFx.java:182) - Function entry recordid301
2014-11-18 DEBUG [JavaFX Application Thread] (addressbean.java:266) - Function entry getDataRecord
2014-11-18 DEBUG [JavaFX Application Thread] (addressbean.java:280) - Function exit getDataRecord
2014-11-18 DEBUG [JavaFX Application Thread] (ListDialogAddressController.java:326) - Function exit MouseClicked
2014-11-18 DEBUG [JavaFX Application Thread] (languagebean.java:50) - Function entry billbean
2014-11-18 DEBUG [JavaFX Application Thread] (languagebean.java:76) - Function entry billbean
2014-11-18 DEBUG [JavaFX Application Thread] (languagebean.java:50) - Function entry billbean
2014-11-18 DEBUG [JavaFX Application Thread] (languagebean.java:76) - Function entry billbean
2014-11-18 DEBUG [JavaFX Application Thread] (languagebean.java:50) - Function entry billbean
2014-11-18 DEBUG [JavaFX Application Thread] (languagebean.java:76) - Function entry billbean
2014-11-18 DEBUG [JavaFX Application Thread] (Locationbean.java:159) - Function entry saveRecord
2014-11-18 DEBUG [JavaFX Application Thread] (Locationbean.java:224) - Function entry saveNewRecord
2014-11-18 DEBUG [JavaFX Application Thread] (Locationbean.java:175) - Function entry RefreshAllRecords
2014-11-18 DEBUG [JavaFX Application Thread] (Locationbean.java:185) - Function exit RefreshAllRecords
2014-11-18 DEBUG [JavaFX Application Thread] (Locationbean.java:170) - Function exit saveRecord 
2014-11-18 DEBUG [JavaFX Application Thread] (LocationListController.java:171) - Function exit MouseClicked
2014-11-18 DEBUG [JavaFX Application Thread] (LocationListController.java:75) - Function entry initTable
2014-11-18 DEBUG [JavaFX Application Thread] (addressbean.java:63) - Function entry constructor
2014-11-18 DEBUG [JavaFX Application Thread] (addressbean.java:88) - Function exit constructor
2014-11-18 DEBUG [JavaFX Application Thread] (addressbean.java:90) - Function Exit newrecordcreated:false
2014-11-18 DEBUG [JavaFX Application Thread] (Locationbean.java:57) - Function entry countrybean
2014-11-18 DEBUG [JavaFX Application Thread] (Locationbean.java:83) - Function entry billbean
2014-11-18 DEBUG [JavaFX Application Thread] (Locationbean.java:89) - Function entry SearchForLocation
2014-11-18 DEBUG [JavaFX Application Thread] (Locationbean.java:93) - Function exit SearchForLocation 
2014-11-18 DEBUG [JavaFX Application Thread] (LocationListController.java:141) - Function exit initTable
2014-11-18 DEBUG [JavaFX Application Thread] (addressbean.java:266) - Function entry getDataRecord
2014-11-18 DEBUG [JavaFX Application Thread] (addressbean.java:280) - Function exit getDataRecord
2014-11-18 DEBUG [JavaFX Application Thread] (addressbean.java:266) - Function entry getDataRecord
2014-11-18 DEBUG [JavaFX Application Thread] (addressbean.java:280) - Function exit getDataRecord
2014-11-18 DEBUG [JavaFX Application Thread] (addressbean.java:266) - Function entry getDataRecord
2014-11-18 DEBUG [JavaFX Application Thread] (addressbean.java:280) - Function exit getDataRecord
2014-11-18 DEBUG [JavaFX Application Thread] (addressbean.java:266) - Function entry getDataRecord
2014-11-18 DEBUG [JavaFX Application Thread] (addressbean.java:280) - Function exit getDataRecord
2014-11-18 DEBUG [JavaFX Application Thread] (addressbean.java:266) - Function entry getDataRecord
2014-11-18 DEBUG [JavaFX Application Thread] (addressbean.java:280) - Function exit getDataRecord
2014-11-18 DEBUG [JavaFX Application Thread] (LocationListController.java:147) - Function entry MouseClicked
2014-11-18 DEBUG [JavaFX Application Thread] (LocationListController.java:171) - Function exit MouseClicked
2014-11-18 DEBUG [JavaFX Application Thread] (LocationListController.java:147) - Function entry MouseClicked
2014-11-18 DEBUG [JavaFX Application Thread] (LocationListController.java:171) - Function exit MouseClicked
2014-11-18 DEBUG [JavaFX Application Thread] (LocationListController.java:147) - Function entry MouseClicked
2014-11-18 DEBUG [JavaFX Application Thread] (Locationbean.java:57) - Function entry countrybean
2014-11-18 DEBUG [JavaFX Application Thread] (Locationbean.java:83) - Function entry billbean
2014-11-18 DEBUG [JavaFX Application Thread] (addressbean.java:63) - Function entry constructor
2014-11-18 DEBUG [JavaFX Application Thread] (addressbean.java:88) - Function exit constructor
2014-11-18 DEBUG [JavaFX Application Thread] (addressbean.java:90) - Function Exit newrecordcreated:false
2014-11-18 DEBUG [JavaFX Application Thread] (Locationbean.java:191) - Function entry getDataRecord
2014-11-18 DEBUG [JavaFX Application Thread] (Locationbean.java:207) - Function exit getDataRecord 1
2014-11-18 DEBUG [JavaFX Application Thread] (addressbean.java:266) - Function entry getDataRecord
2014-11-18 DEBUG [JavaFX Application Thread] (addressbean.java:280) - Function exit getDataRecord
2014-11-18 DEBUG [JavaFX Application Thread] (ListDialogAddressController.java:245) - Function entry initialize
2014-11-18 DEBUG [JavaFX Application Thread] (ListDialogAddressController.java:90) - Function entry initTable
2014-11-18 DEBUG [JavaFX Application Thread] (addressbean.java:63) - Function entry constructor
2014-11-18 DEBUG [JavaFX Application Thread] (addressbean.java:88) - Function exit constructor
2014-11-18 DEBUG [JavaFX Application Thread] (addressbean.java:90) - Function Exit newrecordcreated:false
2014-11-18 DEBUG [JavaFX Application Thread] (addressbean.java:101) - Function entry SearchForAddress
2014-11-18 DEBUG [JavaFX Application Thread] (ListDialogAddressController.java:191) - Function exit initTable
2014-11-18 DEBUG [JavaFX Application Thread] (ListDialogAddressController.java:248) - Function exit initialize
2014-11-18 DEBUG [JavaFX Application Thread] (ListDialogAddressController.java:212) - Function entry init -address
2014-11-18 DEBUG [JavaFX Application Thread] (ListDialogAddressController.java:90) - Function entry initTable
2014-11-18 DEBUG [JavaFX Application Thread] (addressbean.java:63) - Function entry constructor
2014-11-18 DEBUG [JavaFX Application Thread] (addressbean.java:88) - Function exit constructor
2014-11-18 DEBUG [JavaFX Application Thread] (addressbean.java:90) - Function Exit newrecordcreated:false
2014-11-18 DEBUG [JavaFX Application Thread] (addressbean.java:101) - Function entry SearchForAddress
2014-11-18 DEBUG [JavaFX Application Thread] (ListDialogAddressController.java:191) - Function exit initTable
2014-11-18 DEBUG [JavaFX Application Thread] (ListDialogAddressController.java:219) - Function exit init -adddress
2014-11-18 DEBUG [JavaFX Application Thread] (ListDialogAddressController.java:294) - Function entry MouseClicked
2014-11-18 DEBUG [JavaFX Application Thread] (locationFx.java:182) - Function entry recordid1
2014-11-18 DEBUG [JavaFX Application Thread] (addressbean.java:266) - Function entry getDataRecord
2014-11-18 DEBUG [JavaFX Application Thread] (addressbean.java:280) - Function exit getDataRecord
2014-11-18 DEBUG [JavaFX Application Thread] (ListDialogAddressController.java:326) - Function exit MouseClicked
2014-11-18 DEBUG [JavaFX Application Thread] (ListDialogAddressController.java:269) - Function entry OkAction
2014-11-18 DEBUG [JavaFX Application Thread] (ListDialogAddressController.java:284) - Function exit OkAction
2014-11-18 DEBUG [JavaFX Application Thread] (languagebean.java:50) - Function entry billbean
2014-11-18 DEBUG [JavaFX Application Thread] (languagebean.java:76) - Function entry billbean
2014-11-18 DEBUG [JavaFX Application Thread] (languagebean.java:50) - Function entry billbean
2014-11-18 DEBUG [JavaFX Application Thread] (languagebean.java:76) - Function entry billbean
2014-11-18 DEBUG [JavaFX Application Thread] (languagebean.java:50) - Function entry billbean
2014-11-18 DEBUG [JavaFX Application Thread] (languagebean.java:76) - Function entry billbean
2014-11-18 DEBUG [JavaFX Application Thread] (Locationbean.java:159) - Function entry saveRecord
2014-11-18 DEBUG [JavaFX Application Thread] (Locationbean.java:224) - Function entry saveNewRecord
2014-11-18 DEBUG [JavaFX Application Thread] (Locationbean.java:175) - Function entry RefreshAllRecords
2014-11-18 DEBUG [JavaFX Application Thread] (Locationbean.java:185) - Function exit RefreshAllRecords
2014-11-18 DEBUG [JavaFX Application Thread] (Locationbean.java:170) - Function exit saveRecord 
2014-11-18 DEBUG [JavaFX Application Thread] (Locationbean.java:148) - Function entry nextRecordForeward
2014-11-18 DEBUG [JavaFX Application Thread] (Locationbean.java:154) - Function exit nextRecordForeward 
2014-11-18 DEBUG [JavaFX Application Thread] (addressbean.java:266) - Function entry getDataRecord
2014-11-18 DEBUG [JavaFX Application Thread] (addressbean.java:280) - Function exit getDataRecord
2014-11-18 DEBUG [JavaFX Application Thread] (Locationbean.java:138) - Function entry nextRecordBackward
2014-11-18 DEBUG [JavaFX Application Thread] (Locationbean.java:143) - Function exit nextRecordBackward
2014-11-18 DEBUG [JavaFX Application Thread] (addressbean.java:266) - Function entry getDataRecord
2014-11-18 DEBUG [JavaFX Application Thread] (addressbean.java:280) - Function exit getDataRecord
2014-11-18 DEBUG [JavaFX Application Thread] (Locationbean.java:148) - Function entry nextRecordForeward
2014-11-18 DEBUG [JavaFX Application Thread] (Locationbean.java:154) - Function exit nextRecordForeward 
2014-11-18 DEBUG [JavaFX Application Thread] (addressbean.java:266) - Function entry getDataRecord
2014-11-18 DEBUG [JavaFX Application Thread] (addressbean.java:280) - Function exit getDataRecord
2014-11-18 DEBUG [JavaFX Application Thread] (Locationbean.java:148) - Function entry nextRecordForeward
2014-11-18 DEBUG [JavaFX Application Thread] (Locationbean.java:154) - Function exit nextRecordForeward 
2014-11-18 DEBUG [JavaFX Application Thread] (addressbean.java:266) - Function entry getDataRecord
2014-11-18 DEBUG [JavaFX Application Thread] (addressbean.java:280) - Function exit getDataRecord
2014-11-18 DEBUG [JavaFX Application Thread] (locationFx.java:164) - Function entry newRevAcc
2014-11-18 DEBUG [JavaFX Application Thread] (Locationbean.java:107) - Function entry createNewEmptyRecord
2014-11-18 DEBUG [JavaFX Application Thread] (Locationbean.java:175) - Function entry RefreshAllRecords
2014-11-18 DEBUG [JavaFX Application Thread] (Locationbean.java:185) - Function exit RefreshAllRecords
2014-11-18 DEBUG [JavaFX Application Thread] (Locationbean.java:128) - Function exit createNewEmptyRecord
2014-11-18 DEBUG [JavaFX Application Thread] (locationFx.java:169) - Function exit newRevAcc 
2014-11-18 DEBUG [JavaFX Application Thread] (ListDialogAddressController.java:245) - Function entry initialize
2014-11-18 DEBUG [JavaFX Application Thread] (ListDialogAddressController.java:90) - Function entry initTable
2014-11-18 DEBUG [JavaFX Application Thread] (addressbean.java:63) - Function entry constructor
2014-11-18 DEBUG [JavaFX Application Thread] (addressbean.java:88) - Function exit constructor
2014-11-18 DEBUG [JavaFX Application Thread] (addressbean.java:90) - Function Exit newrecordcreated:false
2014-11-18 DEBUG [JavaFX Application Thread] (addressbean.java:101) - Function entry SearchForAddress
2014-11-18 DEBUG [JavaFX Application Thread] (ListDialogAddressController.java:191) - Function exit initTable
2014-11-18 DEBUG [JavaFX Application Thread] (ListDialogAddressController.java:248) - Function exit initialize
2014-11-18 DEBUG [JavaFX Application Thread] (ListDialogAddressController.java:212) - Function entry init -address
2014-11-18 DEBUG [JavaFX Application Thread] (ListDialogAddressController.java:90) - Function entry initTable
2014-11-18 DEBUG [JavaFX Application Thread] (addressbean.java:63) - Function entry constructor
2014-11-18 DEBUG [JavaFX Application Thread] (addressbean.java:88) - Function exit constructor
2014-11-18 DEBUG [JavaFX Application Thread] (addressbean.java:90) - Function Exit newrecordcreated:false
2014-11-18 DEBUG [JavaFX Application Thread] (addressbean.java:101) - Function entry SearchForAddress
2014-11-18 DEBUG [JavaFX Application Thread] (ListDialogAddressController.java:191) - Function exit initTable
2014-11-18 DEBUG [JavaFX Application Thread] (ListDialogAddressController.java:219) - Function exit init -adddress
2014-11-18 DEBUG [JavaFX Application Thread] (ListDialogAddressController.java:294) - Function entry MouseClicked
2014-11-18 DEBUG [JavaFX Application Thread] (locationFx.java:182) - Function entry recordid1
2014-11-18 DEBUG [JavaFX Application Thread] (addressbean.java:266) - Function entry getDataRecord
2014-11-18 DEBUG [JavaFX Application Thread] (addressbean.java:280) - Function exit getDataRecord
2014-11-18 DEBUG [JavaFX Application Thread] (ListDialogAddressController.java:326) - Function exit MouseClicked
2014-11-18 DEBUG [JavaFX Application Thread] (ListDialogAddressController.java:269) - Function entry OkAction
2014-11-18 DEBUG [JavaFX Application Thread] (ListDialogAddressController.java:284) - Function exit OkAction
2014-11-18 DEBUG [JavaFX Application Thread] (languagebean.java:50) - Function entry billbean
2014-11-18 DEBUG [JavaFX Application Thread] (languagebean.java:76) - Function entry billbean
2014-11-18 DEBUG [JavaFX Application Thread] (languagebean.java:50) - Function entry billbean
2014-11-18 DEBUG [JavaFX Application Thread] (languagebean.java:76) - Function entry billbean
2014-11-18 DEBUG [JavaFX Application Thread] (languagebean.java:50) - Function entry billbean
2014-11-18 DEBUG [JavaFX Application Thread] (languagebean.java:76) - Function entry billbean
2014-11-18 DEBUG [JavaFX Application Thread] (Locationbean.java:159) - Function entry saveRecord
2014-11-18 DEBUG [JavaFX Application Thread] (Locationbean.java:224) - Function entry saveNewRecord
2014-11-18 ERROR [JavaFX Application Thread] (Locationbean.java:239) - SaveNewRecord 
2014-11-18 DEBUG [JavaFX Application Thread] (Locationbean.java:175) - Function entry RefreshAllRecords
2014-11-18 DEBUG [JavaFX Application Thread] (Locationbean.java:185) - Function exit RefreshAllRecords
2014-11-18 DEBUG [JavaFX Application Thread] (Locationbean.java:170) - Function exit saveRecord 
2014-11-18 DEBUG [JavaFX Application Thread] (LocationListController.java:171) - Function exit MouseClicked
2014-11-18 DEBUG [JavaFX Application Thread] (LocationListController.java:75) - Function entry initTable
2014-11-18 DEBUG [JavaFX Application Thread] (addressbean.java:63) - Function entry constructor
2014-11-18 DEBUG [JavaFX Application Thread] (addressbean.java:88) - Function exit constructor
2014-11-18 DEBUG [JavaFX Application Thread] (addressbean.java:90) - Function Exit newrecordcreated:false
2014-11-18 DEBUG [JavaFX Application Thread] (Locationbean.java:57) - Function entry countrybean
2014-11-18 DEBUG [JavaFX Application Thread] (Locationbean.java:83) - Function entry billbean
2014-11-18 DEBUG [JavaFX Application Thread] (Locationbean.java:89) - Function entry SearchForLocation
2014-11-18 DEBUG [JavaFX Application Thread] (Locationbean.java:93) - Function exit SearchForLocation 
2014-11-18 DEBUG [JavaFX Application Thread] (LocationListController.java:141) - Function exit initTable
2014-11-18 DEBUG [JavaFX Application Thread] (addressbean.java:266) - Function entry getDataRecord
2014-11-18 DEBUG [JavaFX Application Thread] (addressbean.java:280) - Function exit getDataRecord
2014-11-18 DEBUG [JavaFX Application Thread] (addressbean.java:266) - Function entry getDataRecord
2014-11-18 DEBUG [JavaFX Application Thread] (addressbean.java:280) - Function exit getDataRecord
2014-11-18 DEBUG [JavaFX Application Thread] (addressbean.java:266) - Function entry getDataRecord
2014-11-18 DEBUG [JavaFX Application Thread] (addressbean.java:280) - Function exit getDataRecord
2014-11-18 DEBUG [JavaFX Application Thread] (addressbean.java:266) - Function entry getDataRecord
2014-11-18 DEBUG [JavaFX Application Thread] (addressbean.java:280) - Function exit getDataRecord
2014-11-18 DEBUG [JavaFX Application Thread] (addressbean.java:266) - Function entry getDataRecord
2014-11-18 DEBUG [JavaFX Application Thread] (addressbean.java:280) - Function exit getDataRecord
2014-11-18 DEBUG [JavaFX Application Thread] (LocationListController.java:147) - Function entry MouseClicked
2014-11-18 DEBUG [JavaFX Application Thread] (LocationListController.java:171) - Function exit MouseClicked
2014-11-18 DEBUG [JavaFX Application Thread] (LocationListController.java:147) - Function entry MouseClicked
2014-11-18 DEBUG [JavaFX Application Thread] (LocationListController.java:171) - Function exit MouseClicked
2014-11-18 DEBUG [JavaFX Application Thread] (LocationListController.java:147) - Function entry MouseClicked
2014-11-18 DEBUG [JavaFX Application Thread] (Locationbean.java:57) - Function entry countrybean
2014-11-18 DEBUG [JavaFX Application Thread] (Locationbean.java:83) - Function entry billbean
2014-11-18 DEBUG [JavaFX Application Thread] (addressbean.java:63) - Function entry constructor
2014-11-18 DEBUG [JavaFX Application Thread] (addressbean.java:88) - Function exit constructor
2014-11-18 DEBUG [JavaFX Application Thread] (addressbean.java:90) - Function Exit newrecordcreated:false
2014-11-18 DEBUG [JavaFX Application Thread] (Locationbean.java:191) - Function entry getDataRecord
2014-11-18 DEBUG [JavaFX Application Thread] (Locationbean.java:207) - Function exit getDataRecord 1
2014-11-18 DEBUG [JavaFX Application Thread] (addressbean.java:266) - Function entry getDataRecord
2014-11-18 DEBUG [JavaFX Application Thread] (addressbean.java:280) - Function exit getDataRecord
2014-11-18 DEBUG [JavaFX Application Thread] (locationFx.java:164) - Function entry newRevAcc
2014-11-18 DEBUG [JavaFX Application Thread] (Locationbean.java:107) - Function entry createNewEmptyRecord
2014-11-18 DEBUG [JavaFX Application Thread] (Locationbean.java:175) - Function entry RefreshAllRecords
2014-11-18 DEBUG [JavaFX Application Thread] (Locationbean.java:185) - Function exit RefreshAllRecords
2014-11-18 DEBUG [JavaFX Application Thread] (Locationbean.java:128) - Function exit createNewEmptyRecord
2014-11-18 DEBUG [JavaFX Application Thread] (locationFx.java:169) - Function exit newRevAcc 
2014-11-18 DEBUG [JavaFX Application Thread] (ListDialogAddressController.java:245) - Function entry initialize
2014-11-18 DEBUG [JavaFX Application Thread] (ListDialogAddressController.java:90) - Function entry initTable
2014-11-18 DEBUG [JavaFX Application Thread] (addressbean.java:63) - Function entry constructor
2014-11-18 DEBUG [JavaFX Application Thread] (addressbean.java:88) - Function exit constructor
2014-11-18 DEBUG [JavaFX Application Thread] (addressbean.java:90) - Function Exit newrecordcreated:false
2014-11-18 DEBUG [JavaFX Application Thread] (addressbean.java:101) - Function entry SearchForAddress
2014-11-18 DEBUG [JavaFX Application Thread] (ListDialogAddressController.java:191) - Function exit initTable
2014-11-18 DEBUG [JavaFX Application Thread] (ListDialogAddressController.java:248) - Function exit initialize
2014-11-18 DEBUG [JavaFX Application Thread] (ListDialogAddressController.java:212) - Function entry init -address
2014-11-18 DEBUG [JavaFX Application Thread] (ListDialogAddressController.java:90) - Function entry initTable
2014-11-18 DEBUG [JavaFX Application Thread] (addressbean.java:63) - Function entry constructor
2014-11-18 DEBUG [JavaFX Application Thread] (addressbean.java:88) - Function exit constructor
2014-11-18 DEBUG [JavaFX Application Thread] (addressbean.java:90) - Function Exit newrecordcreated:false
2014-11-18 DEBUG [JavaFX Application Thread] (addressbean.java:101) - Function entry SearchForAddress
2014-11-18 DEBUG [JavaFX Application Thread] (ListDialogAddressController.java:191) - Function exit initTable
2014-11-18 DEBUG [JavaFX Application Thread] (ListDialogAddressController.java:219) - Function exit init -adddress
2014-11-18 DEBUG [JavaFX Application Thread] (ListDialogAddressController.java:294) - Function entry MouseClicked
2014-11-18 DEBUG [JavaFX Application Thread] (locationFx.java:182) - Function entry recordid1
2014-11-18 DEBUG [JavaFX Application Thread] (addressbean.java:266) - Function entry getDataRecord
2014-11-18 DEBUG [JavaFX Application Thread] (addressbean.java:280) - Function exit getDataRecord
2014-11-18 DEBUG [JavaFX Application Thread] (ListDialogAddressController.java:326) - Function exit MouseClicked
2014-11-18 DEBUG [JavaFX Application Thread] (ListDialogAddressController.java:269) - Function entry OkAction
2014-11-18 DEBUG [JavaFX Application Thread] (ListDialogAddressController.java:284) - Function exit OkAction
2014-11-18 DEBUG [JavaFX Application Thread] (languagebean.java:50) - Function entry billbean
2014-11-18 DEBUG [JavaFX Application Thread] (languagebean.java:76) - Function entry billbean
2014-11-18 DEBUG [JavaFX Application Thread] (languagebean.java:50) - Function entry billbean
2014-11-18 DEBUG [JavaFX Application Thread] (languagebean.java:76) - Function entry billbean
2014-11-18 DEBUG [JavaFX Application Thread] (languagebean.java:50) - Function entry billbean
2014-11-18 DEBUG [JavaFX Application Thread] (languagebean.java:76) - Function entry billbean
2014-11-18 DEBUG [JavaFX Application Thread] (Locationbean.java:159) - Function entry saveRecord
2014-11-18 DEBUG [JavaFX Application Thread] (Locationbean.java:224) - Function entry saveNewRecord
2014-11-18 DEBUG [JavaFX Application Thread] (Locationbean.java:175) - Function entry RefreshAllRecords
2014-11-18 DEBUG [JavaFX Application Thread] (Locationbean.java:185) - Function exit RefreshAllRecords
2014-11-18 DEBUG [JavaFX Application Thread] (Locationbean.java:170) - Function exit saveRecord 
2014-11-18 DEBUG [JavaFX Application Thread] (Locationbean.java:138) - Function entry nextRecordBackward
2014-11-18 DEBUG [JavaFX Application Thread] (Locationbean.java:143) - Function exit nextRecordBackward
2014-11-18 DEBUG [JavaFX Application Thread] (addressbean.java:266) - Function entry getDataRecord
2014-11-18 DEBUG [JavaFX Application Thread] (addressbean.java:280) - Function exit getDataRecord
2014-11-18 DEBUG [JavaFX Application Thread] (Locationbean.java:138) - Function entry nextRecordBackward
2014-11-18 DEBUG [JavaFX Application Thread] (Locationbean.java:143) - Function exit nextRecordBackward
2014-11-18 DEBUG [JavaFX Application Thread] (addressbean.java:266) - Function entry getDataRecord
2014-11-18 DEBUG [JavaFX Application Thread] (addressbean.java:280) - Function exit getDataRecord
2014-11-18 DEBUG [JavaFX Application Thread] (Locationbean.java:148) - Function entry nextRecordForeward
2014-11-18 DEBUG [JavaFX Application Thread] (Locationbean.java:154) - Function exit nextRecordForeward 
2014-11-18 DEBUG [JavaFX Application Thread] (addressbean.java:266) - Function entry getDataRecord
2014-11-18 DEBUG [JavaFX Application Thread] (addressbean.java:280) - Function exit getDataRecord
2014-11-18 DEBUG [JavaFX Application Thread] (Locationbean.java:148) - Function entry nextRecordForeward
2014-11-18 DEBUG [JavaFX Application Thread] (Locationbean.java:154) - Function exit nextRecordForeward 
2014-11-18 DEBUG [JavaFX Application Thread] (addressbean.java:266) - Function entry getDataRecord
2014-11-18 DEBUG [JavaFX Application Thread] (addressbean.java:280) - Function exit getDataRecord
2014-11-18 DEBUG [JavaFX Application Thread] (Locationbean.java:148) - Function entry nextRecordForeward
2014-11-18 DEBUG [JavaFX Application Thread] (Locationbean.java:154) - Function exit nextRecordForeward 
2014-11-18 DEBUG [JavaFX Application Thread] (addressbean.java:266) - Function entry getDataRecord
2014-11-18 DEBUG [JavaFX Application Thread] (addressbean.java:280) - Function exit getDataRecord
2014-11-18 DEBUG [JavaFX Application Thread] (LocationListController.java:171) - Function exit MouseClicked
2014-11-18 DEBUG [JavaFX Application Thread] (LocationListController.java:75) - Function entry initTable
2014-11-18 DEBUG [JavaFX Application Thread] (addressbean.java:63) - Function entry constructor
2014-11-18 DEBUG [JavaFX Application Thread] (addressbean.java:88) - Function exit constructor
2014-11-18 DEBUG [JavaFX Application Thread] (addressbean.java:90) - Function Exit newrecordcreated:false
2014-11-18 DEBUG [JavaFX Application Thread] (Locationbean.java:57) - Function entry countrybean
2014-11-18 DEBUG [JavaFX Application Thread] (Locationbean.java:83) - Function entry billbean
2014-11-18 DEBUG [JavaFX Application Thread] (Locationbean.java:89) - Function entry SearchForLocation
2014-11-18 DEBUG [JavaFX Application Thread] (Locationbean.java:93) - Function exit SearchForLocation 
2014-11-18 DEBUG [JavaFX Application Thread] (LocationListController.java:141) - Function exit initTable
2014-11-18 DEBUG [JavaFX Application Thread] (addressbean.java:266) - Function entry getDataRecord
2014-11-18 DEBUG [JavaFX Application Thread] (addressbean.java:280) - Function exit getDataRecord
2014-11-18 DEBUG [JavaFX Application Thread] (addressbean.java:266) - Function entry getDataRecord
2014-11-18 DEBUG [JavaFX Application Thread] (addressbean.java:280) - Function exit getDataRecord
2014-11-18 DEBUG [JavaFX Application Thread] (addressbean.java:266) - Function entry getDataRecord
2014-11-18 DEBUG [JavaFX Application Thread] (addressbean.java:280) - Function exit getDataRecord
2014-11-18 DEBUG [JavaFX Application Thread] (addressbean.java:266) - Function entry getDataRecord
2014-11-18 DEBUG [JavaFX Application Thread] (addressbean.java:280) - Function exit getDataRecord
2014-11-18 DEBUG [JavaFX Application Thread] (addressbean.java:266) - Function entry getDataRecord
2014-11-18 DEBUG [JavaFX Application Thread] (addressbean.java:280) - Function exit getDataRecord
2014-11-18 DEBUG [JavaFX Application Thread] (addressbean.java:266) - Function entry getDataRecord
2014-11-18 DEBUG [JavaFX Application Thread] (addressbean.java:280) - Function exit getDataRecord
2014-11-18 DEBUG [JavaFX Application Thread] (addressbean.java:266) - Function entry getDataRecord
2014-11-18 DEBUG [JavaFX Application Thread] (addressbean.java:280) - Function exit getDataRecord
2014-11-18 DEBUG [JavaFX Application Thread] (LocationListController.java:75) - Function entry initTable
2014-11-18 DEBUG [JavaFX Application Thread] (addressbean.java:63) - Function entry constructor
2014-11-18 DEBUG [JavaFX Application Thread] (addressbean.java:88) - Function exit constructor
2014-11-18 DEBUG [JavaFX Application Thread] (addressbean.java:90) - Function Exit newrecordcreated:false
2014-11-18 DEBUG [JavaFX Application Thread] (Locationbean.java:57) - Function entry countrybean
2014-11-18 DEBUG [JavaFX Application Thread] (Locationbean.java:83) - Function entry billbean
2014-11-18 DEBUG [JavaFX Application Thread] (Locationbean.java:89) - Function entry SearchForLocation
2014-11-18 DEBUG [JavaFX Application Thread] (Locationbean.java:93) - Function exit SearchForLocation 
2014-11-18 DEBUG [JavaFX Application Thread] (LocationListController.java:141) - Function exit initTable
2014-11-18 DEBUG [JavaFX Application Thread] (addressbean.java:266) - Function entry getDataRecord
2014-11-18 DEBUG [JavaFX Application Thread] (addressbean.java:280) - Function exit getDataRecord
2014-11-18 DEBUG [JavaFX Application Thread] (addressbean.java:266) - Function entry getDataRecord
2014-11-18 DEBUG [JavaFX Application Thread] (addressbean.java:280) - Function exit getDataRecord
2014-11-18 DEBUG [JavaFX Application Thread] (addressbean.java:266) - Function entry getDataRecord
2014-11-18 DEBUG [JavaFX Application Thread] (addressbean.java:280) - Function exit getDataRecord
2014-11-18 DEBUG [JavaFX Application Thread] (addressbean.java:266) - Function entry getDataRecord
2014-11-18 DEBUG [JavaFX Application Thread] (addressbean.java:280) - Function exit getDataRecord
2014-11-18 DEBUG [JavaFX Application Thread] (addressbean.java:266) - Function entry getDataRecord
2014-11-18 DEBUG [JavaFX Application Thread] (addressbean.java:280) - Function exit getDataRecord
2014-11-18 DEBUG [JavaFX Application Thread] (addressbean.java:266) - Function entry getDataRecord
2014-11-18 DEBUG [JavaFX Application Thread] (addressbean.java:280) - Function exit getDataRecord
2014-11-18 DEBUG [JavaFX Application Thread] (addressbean.java:266) - Function entry getDataRecord
2014-11-18 DEBUG [JavaFX Application Thread] (addressbean.java:280) - Function exit getDataRecord
