Tue Sep 16 15:48:09 CEST 2014 : Apache Derby Network Server 10.8.3.0 - (1405108) wurde gestartet und ist bereit, Verbindungen am Port 1527 zu akzeptieren.
----------------------------------------------------------------
Tue Sep 16 15:48:10 CEST 2014:
Booten von Derby Version The Apache Software Foundation - Apache Derby - 10.8.3.0 - (1405108): Instanz a816c00e-0148-7eb8-705d-ffff836f7129
für Datenbankverzeichnis C:\Users\russ\Documents\NetBeansProjects\jahap\src\main\resources\DATABASE\JAHAPTEST   mit Klassenladeprogrammn sun.misc.Launcher$AppClassLoader@1d44bcfa

java.vendor=Oracle Corporation
java.runtime.version=1.8.0_11-b12
user.dir=C:\wiki\jdk1.7.0_51\db
os.name=Windows 7
os.arch=amd64
os.version=6.1
derby.system.home=C:\Users\russ\Documents\NetBeansProjects\jahap\src\main\resources\DATABASE
Das Ladeprogramm für Datenbankklassen wurde gestartet - derby.database.classpath=''
----------------------------------------------------------------
Tue Sep 16 15:48:41 CEST 2014:
Booten von Derby Version The Apache Software Foundation - Apache Derby - 10.8.3.0 - (1405108): Instanz 6074401f-0148-7eb8-705d-ffff836f7129
für Datenbankverzeichnis C:\Users\russ\Documents\NetBeansProjects\jahap\src\main\resources\DATABASE\JAHAPs   mit Klassenladeprogrammn sun.misc.Launcher$AppClassLoader@1d44bcfa

java.vendor=Oracle Corporation
java.runtime.version=1.8.0_11-b12
user.dir=C:\wiki\jdk1.7.0_51\db
os.name=Windows 7
os.arch=amd64
os.version=6.1
derby.system.home=C:\Users\russ\Documents\NetBeansProjects\jahap\src\main\resources\DATABASE
Das Ladeprogramm für Datenbankklassen wurde gestartet - derby.database.classpath=''
